0 info it worked if it ends with ok
1 verbose cli [ '/usr/local/bin/node',
1 verbose cli   '/usr/local/bin/npm',
1 verbose cli   'run',
1 verbose cli   'docker-start' ]
2 info using npm@3.10.10
3 info using node@v6.9.4
4 verbose run-script [ 'predocker-start', 'docker-start', 'postdocker-start' ]
5 info lifecycle anorcintheroad-server@1.0.0~predocker-start: anorcintheroad-server@1.0.0
6 silly lifecycle anorcintheroad-server@1.0.0~predocker-start: no script for predocker-start, continuing
7 info lifecycle anorcintheroad-server@1.0.0~docker-start: anorcintheroad-server@1.0.0
8 verbose lifecycle anorcintheroad-server@1.0.0~docker-start: unsafe-perm in lifecycle true
9 verbose lifecycle anorcintheroad-server@1.0.0~docker-start: PATH: /usr/local/lib/node_modules/npm/bin/node-gyp-bin:/Users/andrewhsu/Code/afresh/AnOrcInTheRoad-server/node_modules/.bin:/usr/local/bin:/usr/bin:/bin:/usr/sbin:/sbin
10 verbose lifecycle anorcintheroad-server@1.0.0~docker-start: CWD: /Users/andrewhsu/Code/afresh/AnOrcInTheRoad-server
11 silly lifecycle anorcintheroad-server@1.0.0~docker-start: Args: [ '-c',
11 silly lifecycle   'docker run -it --rm --name orcServer --link orcDB:mysql -e db=\'orcDB\' -p 3000:3000 -d anorcintheroad' ]
12 info lifecycle anorcintheroad-server@1.0.0~docker-start: Failed to exec docker-start script
13 verbose stack Error: anorcintheroad-server@1.0.0 docker-start: `docker run -it --rm --name orcServer --link orcDB:mysql -e db='orcDB' -p 3000:3000 -d anorcintheroad`
13 verbose stack spawn ENOENT
13 verbose stack     at ChildProcess.<anonymous> (/usr/local/lib/node_modules/npm/lib/utils/spawn.js:33:16)
13 verbose stack     at emitTwo (events.js:106:13)
13 verbose stack     at ChildProcess.emit (events.js:191:7)
13 verbose stack     at maybeClose (internal/child_process.js:877:16)
13 verbose stack     at Process.ChildProcess._handle.onexit (internal/child_process.js:226:5)
14 verbose pkgid anorcintheroad-server@1.0.0
15 verbose cwd /Users/andrewhsu/Code/afresh/AnOrcInTheRoad-server
16 error Darwin 15.6.0
17 error argv "/usr/local/bin/node" "/usr/local/bin/npm" "run" "docker-start"
18 error node v6.9.4
19 error npm  v3.10.10
20 error file sh
21 error code ELIFECYCLE
22 error errno ENOENT
23 error syscall spawn
24 error anorcintheroad-server@1.0.0 docker-start: `docker run -it --rm --name orcServer --link orcDB:mysql -e db='orcDB' -p 3000:3000 -d anorcintheroad`
24 error spawn ENOENT
25 error Failed at the anorcintheroad-server@1.0.0 docker-start script 'docker run -it --rm --name orcServer --link orcDB:mysql -e db='orcDB' -p 3000:3000 -d anorcintheroad'.
25 error Make sure you have the latest version of node.js and npm installed.
25 error If you do, this is most likely a problem with the anorcintheroad-server package,
25 error not with npm itself.
25 error Tell the author that this fails on your system:
25 error     docker run -it --rm --name orcServer --link orcDB:mysql -e db='orcDB' -p 3000:3000 -d anorcintheroad
25 error You can get information on how to open an issue for this project with:
25 error     npm bugs anorcintheroad-server
25 error Or if that isn't available, you can get their info via:
25 error     npm owner ls anorcintheroad-server
25 error There is likely additional logging output above.
26 verbose exit [ 1, true ]
